2024-05-06 15:42:56,326 : Base.Libraries.logging : INFO : entering username
2024-05-06 15:42:58,272 : Base.Libraries.logging : INFO : entering password
2024-05-06 15:43:00,657 : Base.Libraries.logging : INFO : closing website
2024-05-06 15:48:40,319 : Base.Libraries.logging : INFO : entering username
2024-05-06 15:48:40,412 : Base.Libraries.logging : INFO : entering password
2024-05-06 15:48:42,758 : Base.Libraries.logging : INFO : closing website
2024-05-06 15:49:09,694 : Base.Libraries.logging : INFO : checking whether {APP} is opening 
2024-05-06 15:49:13,843 : Base.Libraries.logging : INFO : opening notepad
2024-05-06 15:49:16,137 : Base.Libraries.logging : INFO : Editing text in notepad
2024-05-06 15:49:18,429 : Base.Libraries.logging : INFO : checking that text edited correctly
2024-05-06 15:49:18,429 : Base.Libraries.logging : INFO : Closing notepad
2024-05-06 15:49:18,444 : Base.Libraries.logging : INFO : opening notepad
2024-05-06 15:49:20,718 : Base.Libraries.logging : INFO : Editing text in notepad
2024-05-06 15:49:22,618 : Base.Libraries.logging : INFO : Finding text in notepad
2024-05-06 15:49:24,647 : Base.Libraries.logging : INFO : Closing notepad
2024-05-06 15:49:24,671 : Base.Libraries.logging : INFO : opening notepad
2024-05-06 15:49:26,923 : Base.Libraries.logging : INFO : Editing text in notepad
2024-05-06 15:49:28,839 : Base.Libraries.logging : INFO : Replacing text in notepad
2024-05-06 15:49:39,794 : Base.Libraries.logging : INFO : Closing notepad
2024-05-06 15:49:39,800 : Base.Libraries.logging : INFO : opening notepad
2024-05-06 15:49:42,054 : Base.Libraries.logging : INFO : Editing text in notepad
2024-05-06 15:49:44,008 : Base.Libraries.logging : INFO : Changing Font,Font Style,Font Size for text
2024-05-06 15:49:53,133 : Base.Libraries.logging : INFO : Closing notepad
2024-05-06 15:49:53,208 : Base.Libraries.logging : INFO : opening notepad
2024-05-06 15:49:55,501 : Base.Libraries.logging : INFO : Editing text in notepad
2024-05-06 15:49:57,455 : Base.Libraries.logging : INFO : changing page setup settings
2024-05-06 15:50:14,734 : Base.Libraries.logging : INFO : Closing notepad
2024-05-06 15:50:14,743 : Base.Libraries.logging : INFO : opening notepad
2024-05-06 15:50:17,021 : Base.Libraries.logging : INFO : printing date and time in file
2024-05-06 15:50:19,395 : Base.Libraries.logging : INFO : Closing notepad
2024-05-06 15:50:19,438 : Base.Libraries.logging : INFO : opening notepad
2024-05-06 15:50:21,711 : Base.Libraries.logging : INFO : Editing text in notepad
2024-05-06 15:50:23,613 : Base.Libraries.logging : INFO : printing file
2024-05-06 15:50:25,645 : Base.Libraries.logging : INFO : Closing notepad
2024-05-06 15:50:25,653 : Base.Libraries.logging : INFO : opening notepad
2024-05-06 15:50:27,947 : Base.Libraries.logging : INFO : Editing text in notepad
2024-05-06 15:50:29,884 : Base.Libraries.logging : INFO : selecting all the text and deleting and doing undo in notepad
2024-05-06 15:50:37,084 : Base.Libraries.logging : INFO : Closing notepad
2024-05-06 15:50:37,139 : Base.Libraries.logging : INFO : opening notepad
2024-05-06 15:50:39,432 : Base.Libraries.logging : INFO : Editing text in notepad
2024-05-06 15:50:41,377 : Base.Libraries.logging : INFO : zooming the text
2024-05-06 15:50:46,976 : Base.Libraries.logging : INFO : Closing notepad
2024-05-06 15:50:47,010 : Base.Libraries.logging : INFO : opening notepad
2024-05-06 15:50:49,471 : Base.Libraries.logging : INFO : printing about notepad
2024-05-06 15:50:51,914 : Base.Libraries.logging : INFO : Closing notepad
2024-05-06 15:50:51,955 : Base.Libraries.logging : INFO : opening notepad
2024-05-06 15:50:54,245 : Base.Libraries.logging : INFO : Editing text in notepad
2024-05-06 15:50:56,193 : Base.Libraries.logging : INFO : checking that the file saved successfully
2024-05-06 15:51:05,065 : Base.Libraries.logging : INFO : opening notepad
2024-05-06 15:51:07,327 : Base.Libraries.logging : INFO : Opening existing file notepad
2024-05-06 15:51:11,758 : Base.Libraries.logging : INFO : Closing notepad
2024-05-06 16:33:07,589 : Base.Libraries.logging : INFO : entering username
2024-05-06 16:33:08,887 : Base.Libraries.logging : INFO : entering password
2024-05-06 16:33:11,557 : Base.Libraries.logging : INFO : closing website
2024-05-06 16:37:37,741 : Base.Libraries.logging : INFO : Objects class initialised for Base/Elements/Data/data.json
2024-05-06 16:37:37,742 : Base.Libraries.logging : INFO : data in the file Base/Elements/Data/data.json loaded
2024-05-06 16:37:37,743 : Base.Libraries.logging : INFO : data in the file Base/Elements/Data/data.json loaded
2024-05-06 16:37:37,743 : Base.Libraries.logging : INFO : data in the file Base/Elements/Data/data.json loaded
2024-05-06 16:37:37,743 : Base.Libraries.logging : INFO : data in the file Base/Elements/Data/data.json loaded
2024-05-06 16:37:37,744 : Base.Libraries.logging : INFO : data in the file Base/Elements/Data/data.json loaded
2024-05-06 16:37:43,594 : Base.Libraries.logging : INFO : data sent to the api using post request
2024-05-06 16:37:43,598 : Base.Libraries.logging : INFO : sent data to the file Base/Elements/Data/data.json
2024-05-06 16:37:43,603 : Base.Libraries.logging : INFO : tested status code
2024-05-06 16:37:43,627 : Base.Libraries.logging : INFO : Objects class initialised for Base/Elements/Data/data.json
2024-05-06 16:37:43,629 : Base.Libraries.logging : INFO : data in the file Base/Elements/Data/data.json loaded
2024-05-06 16:37:43,631 : Base.Libraries.logging : INFO : data in the file Base/Elements/Data/data.json loaded
2024-05-06 16:37:43,632 : Base.Libraries.logging : INFO : data in the file Base/Elements/Data/data.json loaded
2024-05-06 16:37:43,633 : Base.Libraries.logging : INFO : data in the file Base/Elements/Data/data.json loaded
2024-05-06 16:37:43,634 : Base.Libraries.logging : INFO : data in the file Base/Elements/Data/data.json loaded
2024-05-06 16:37:45,163 : Base.Libraries.logging : INFO : data sent to the api using post request
2024-05-06 16:37:45,166 : Base.Libraries.logging : INFO : sent data to the file Base/Elements/Data/data.json
2024-05-06 16:37:45,168 : Base.Libraries.logging : INFO : tested response time
2024-05-06 16:37:45,178 : Base.Libraries.logging : INFO : Objects class initialised for Base/Elements/Data/data.json
2024-05-06 16:37:45,181 : Base.Libraries.logging : INFO : data in the file Base/Elements/Data/data.json loaded
2024-05-06 16:37:45,182 : Base.Libraries.logging : INFO : data in the file Base/Elements/Data/data.json loaded
2024-05-06 16:37:45,184 : Base.Libraries.logging : INFO : data in the file Base/Elements/Data/data.json loaded
2024-05-06 16:37:45,185 : Base.Libraries.logging : INFO : data in the file Base/Elements/Data/data.json loaded
2024-05-06 16:37:45,187 : Base.Libraries.logging : INFO : data in the file Base/Elements/Data/data.json loaded
2024-05-06 16:37:46,301 : Base.Libraries.logging : INFO : data sent to the api using post request
2024-05-06 16:37:46,303 : Base.Libraries.logging : INFO : sent data to the file Base/Elements/Data/data.json
2024-05-06 16:37:46,304 : Base.Libraries.logging : INFO : tested context type
2024-05-06 16:37:46,312 : Base.Libraries.logging : INFO : Objects class initialised for Base/Elements/Data/data.json
2024-05-06 16:37:46,315 : Base.Libraries.logging : INFO : data in the file Base/Elements/Data/data.json loaded
2024-05-06 16:37:46,316 : Base.Libraries.logging : INFO : data in the file Base/Elements/Data/data.json loaded
2024-05-06 16:37:46,318 : Base.Libraries.logging : INFO : data in the file Base/Elements/Data/data.json loaded
2024-05-06 16:37:46,319 : Base.Libraries.logging : INFO : data in the file Base/Elements/Data/data.json loaded
2024-05-06 16:37:46,320 : Base.Libraries.logging : INFO : data in the file Base/Elements/Data/data.json loaded
2024-05-06 16:37:47,865 : Base.Libraries.logging : INFO : data sent to the api using post request
2024-05-06 16:37:47,873 : Base.Libraries.logging : INFO : sent data to the file Base/Elements/Data/data.json
2024-05-06 16:37:47,879 : Base.Libraries.logging : INFO : tested body size
2024-05-06 16:37:47,891 : Base.Libraries.logging : INFO : Objects class initialised for Base/Elements/Data/data.json
2024-05-06 16:37:47,897 : Base.Libraries.logging : INFO : data in the file Base/Elements/Data/data.json loaded
2024-05-06 16:37:47,899 : Base.Libraries.logging : INFO : data in the file Base/Elements/Data/data.json loaded
2024-05-06 16:37:47,901 : Base.Libraries.logging : INFO : data in the file Base/Elements/Data/data.json loaded
2024-05-06 16:37:47,903 : Base.Libraries.logging : INFO : data in the file Base/Elements/Data/data.json loaded
2024-05-06 16:37:47,905 : Base.Libraries.logging : INFO : data in the file Base/Elements/Data/data.json loaded
2024-05-06 16:37:49,057 : Base.Libraries.logging : INFO : data sent to the api using post request
2024-05-06 16:37:49,060 : Base.Libraries.logging : INFO : sent data to the file Base/Elements/Data/data.json
2024-05-06 16:38:20,258 : Base.Libraries.logging : INFO : Objects class initialised for Base/Elements/Data/data.json
2024-05-06 16:38:20,260 : Base.Libraries.logging : INFO : data in the file Base/Elements/Data/data.json loaded
2024-05-06 16:38:20,261 : Base.Libraries.logging : INFO : data in the file Base/Elements/Data/data.json loaded
2024-05-06 16:38:20,261 : Base.Libraries.logging : INFO : data in the file Base/Elements/Data/data.json loaded
2024-05-06 16:38:20,262 : Base.Libraries.logging : INFO : data in the file Base/Elements/Data/data.json loaded
2024-05-06 16:38:20,262 : Base.Libraries.logging : INFO : data in the file Base/Elements/Data/data.json loaded
2024-05-06 16:38:21,418 : Base.Libraries.logging : INFO : Error creating record: 422 Client Error: Unprocessable Entity for url: https://gorest.co.in/public/v2/users
2024-05-06 16:38:21,681 : Base.Libraries.logging : INFO : Objects class initialised for Base/Elements/Data/data.json
2024-05-06 16:38:21,683 : Base.Libraries.logging : INFO : data in the file Base/Elements/Data/data.json loaded
2024-05-06 16:38:21,683 : Base.Libraries.logging : INFO : data in the file Base/Elements/Data/data.json loaded
2024-05-06 16:38:21,684 : Base.Libraries.logging : INFO : data in the file Base/Elements/Data/data.json loaded
2024-05-06 16:38:21,685 : Base.Libraries.logging : INFO : data in the file Base/Elements/Data/data.json loaded
2024-05-06 16:38:21,685 : Base.Libraries.logging : INFO : data in the file Base/Elements/Data/data.json loaded
2024-05-06 16:38:23,120 : Base.Libraries.logging : INFO : Error creating record: 422 Client Error: Unprocessable Entity for url: https://gorest.co.in/public/v2/users
2024-05-06 16:38:23,172 : Base.Libraries.logging : INFO : Objects class initialised for Base/Elements/Data/data.json
2024-05-06 16:38:23,174 : Base.Libraries.logging : INFO : data in the file Base/Elements/Data/data.json loaded
2024-05-06 16:38:23,175 : Base.Libraries.logging : INFO : data in the file Base/Elements/Data/data.json loaded
2024-05-06 16:38:23,176 : Base.Libraries.logging : INFO : data in the file Base/Elements/Data/data.json loaded
2024-05-06 16:38:23,177 : Base.Libraries.logging : INFO : data in the file Base/Elements/Data/data.json loaded
2024-05-06 16:38:23,178 : Base.Libraries.logging : INFO : data in the file Base/Elements/Data/data.json loaded
2024-05-06 16:38:24,316 : Base.Libraries.logging : INFO : Error creating record: 422 Client Error: Unprocessable Entity for url: https://gorest.co.in/public/v2/users
2024-05-06 16:38:24,368 : Base.Libraries.logging : INFO : Objects class initialised for Base/Elements/Data/data.json
2024-05-06 16:38:24,371 : Base.Libraries.logging : INFO : data in the file Base/Elements/Data/data.json loaded
2024-05-06 16:38:24,373 : Base.Libraries.logging : INFO : data in the file Base/Elements/Data/data.json loaded
2024-05-06 16:38:24,374 : Base.Libraries.logging : INFO : data in the file Base/Elements/Data/data.json loaded
2024-05-06 16:38:24,377 : Base.Libraries.logging : INFO : data in the file Base/Elements/Data/data.json loaded
2024-05-06 16:38:24,379 : Base.Libraries.logging : INFO : data in the file Base/Elements/Data/data.json loaded
2024-05-06 16:38:25,856 : Base.Libraries.logging : INFO : Error creating record: 422 Client Error: Unprocessable Entity for url: https://gorest.co.in/public/v2/users
2024-05-06 16:38:25,879 : Base.Libraries.logging : INFO : Objects class initialised for Base/Elements/Data/data.json
2024-05-06 16:38:25,881 : Base.Libraries.logging : INFO : data in the file Base/Elements/Data/data.json loaded
2024-05-06 16:38:25,883 : Base.Libraries.logging : INFO : data in the file Base/Elements/Data/data.json loaded
2024-05-06 16:38:25,884 : Base.Libraries.logging : INFO : data in the file Base/Elements/Data/data.json loaded
2024-05-06 16:38:25,887 : Base.Libraries.logging : INFO : data in the file Base/Elements/Data/data.json loaded
2024-05-06 16:38:25,888 : Base.Libraries.logging : INFO : data in the file Base/Elements/Data/data.json loaded
2024-05-06 16:38:27,488 : Base.Libraries.logging : INFO : Error creating record: 422 Client Error: Unprocessable Entity for url: https://gorest.co.in/public/v2/users
2024-05-06 16:38:38,674 : Base.Libraries.logging : INFO : Objects class initialised for Base/Elements/Data/data.json
2024-05-06 16:38:38,675 : Base.Libraries.logging : INFO : data in the file Base/Elements/Data/data.json loaded
2024-05-06 16:38:38,676 : Base.Libraries.logging : INFO : data in the file Base/Elements/Data/data.json loaded
2024-05-06 16:38:38,676 : Base.Libraries.logging : INFO : data in the file Base/Elements/Data/data.json loaded
2024-05-06 16:38:38,677 : Base.Libraries.logging : INFO : data in the file Base/Elements/Data/data.json loaded
2024-05-06 16:38:38,677 : Base.Libraries.logging : INFO : data in the file Base/Elements/Data/data.json loaded
2024-05-06 16:38:40,231 : Base.Libraries.logging : INFO : data sent to the api using post request
2024-05-06 16:38:40,237 : Base.Libraries.logging : INFO : sent data to the file Base/Elements/Data/data.json
2024-05-06 16:38:40,243 : Base.Libraries.logging : INFO : tested status code
2024-05-06 16:38:40,261 : Base.Libraries.logging : INFO : Objects class initialised for Base/Elements/Data/data.json
2024-05-06 16:38:40,264 : Base.Libraries.logging : INFO : data in the file Base/Elements/Data/data.json loaded
2024-05-06 16:38:40,265 : Base.Libraries.logging : INFO : data in the file Base/Elements/Data/data.json loaded
2024-05-06 16:38:40,266 : Base.Libraries.logging : INFO : data in the file Base/Elements/Data/data.json loaded
2024-05-06 16:38:40,268 : Base.Libraries.logging : INFO : data in the file Base/Elements/Data/data.json loaded
2024-05-06 16:38:40,269 : Base.Libraries.logging : INFO : data in the file Base/Elements/Data/data.json loaded
2024-05-06 16:38:41,490 : Base.Libraries.logging : INFO : data sent to the api using post request
2024-05-06 16:38:41,494 : Base.Libraries.logging : INFO : sent data to the file Base/Elements/Data/data.json
2024-05-06 16:38:41,497 : Base.Libraries.logging : INFO : tested response time
2024-05-06 16:38:41,506 : Base.Libraries.logging : INFO : Objects class initialised for Base/Elements/Data/data.json
2024-05-06 16:38:41,508 : Base.Libraries.logging : INFO : data in the file Base/Elements/Data/data.json loaded
2024-05-06 16:38:41,510 : Base.Libraries.logging : INFO : data in the file Base/Elements/Data/data.json loaded
2024-05-06 16:38:41,511 : Base.Libraries.logging : INFO : data in the file Base/Elements/Data/data.json loaded
2024-05-06 16:38:41,513 : Base.Libraries.logging : INFO : data in the file Base/Elements/Data/data.json loaded
2024-05-06 16:38:41,514 : Base.Libraries.logging : INFO : data in the file Base/Elements/Data/data.json loaded
2024-05-06 16:38:42,745 : Base.Libraries.logging : INFO : data sent to the api using post request
2024-05-06 16:38:42,747 : Base.Libraries.logging : INFO : sent data to the file Base/Elements/Data/data.json
2024-05-06 16:38:42,749 : Base.Libraries.logging : INFO : tested context type
2024-05-06 16:38:42,757 : Base.Libraries.logging : INFO : Objects class initialised for Base/Elements/Data/data.json
2024-05-06 16:38:42,759 : Base.Libraries.logging : INFO : data in the file Base/Elements/Data/data.json loaded
2024-05-06 16:38:42,761 : Base.Libraries.logging : INFO : data in the file Base/Elements/Data/data.json loaded
2024-05-06 16:38:42,762 : Base.Libraries.logging : INFO : data in the file Base/Elements/Data/data.json loaded
2024-05-06 16:38:42,763 : Base.Libraries.logging : INFO : data in the file Base/Elements/Data/data.json loaded
2024-05-06 16:38:42,764 : Base.Libraries.logging : INFO : data in the file Base/Elements/Data/data.json loaded
2024-05-06 16:38:43,997 : Base.Libraries.logging : INFO : data sent to the api using post request
2024-05-06 16:38:44,001 : Base.Libraries.logging : INFO : sent data to the file Base/Elements/Data/data.json
2024-05-06 16:38:44,005 : Base.Libraries.logging : INFO : tested body size
2024-05-06 16:38:44,017 : Base.Libraries.logging : INFO : Objects class initialised for Base/Elements/Data/data.json
2024-05-06 16:38:44,021 : Base.Libraries.logging : INFO : data in the file Base/Elements/Data/data.json loaded
2024-05-06 16:38:44,024 : Base.Libraries.logging : INFO : data in the file Base/Elements/Data/data.json loaded
2024-05-06 16:38:44,027 : Base.Libraries.logging : INFO : data in the file Base/Elements/Data/data.json loaded
2024-05-06 16:38:44,029 : Base.Libraries.logging : INFO : data in the file Base/Elements/Data/data.json loaded
2024-05-06 16:38:44,032 : Base.Libraries.logging : INFO : data in the file Base/Elements/Data/data.json loaded
2024-05-06 16:38:45,653 : Base.Libraries.logging : INFO : data sent to the api using post request
2024-05-06 16:38:45,655 : Base.Libraries.logging : INFO : sent data to the file Base/Elements/Data/data.json
2024-05-06 16:38:45,722 : Base.Libraries.logging : INFO : tested json schema
2024-05-06 16:39:42,922 : Base.Libraries.logging : INFO : Objects class initialised for Base/Elements/Data/data.json
2024-05-06 16:39:42,923 : Base.Libraries.logging : INFO : data in the file Base/Elements/Data/data.json loaded
2024-05-06 16:39:42,924 : Base.Libraries.logging : INFO : data in the file Base/Elements/Data/data.json loaded
2024-05-06 16:39:42,924 : Base.Libraries.logging : INFO : data in the file Base/Elements/Data/data.json loaded
2024-05-06 16:39:42,925 : Base.Libraries.logging : INFO : data in the file Base/Elements/Data/data.json loaded
2024-05-06 16:39:42,926 : Base.Libraries.logging : INFO : data in the file Base/Elements/Data/data.json loaded
2024-05-06 16:39:44,199 : Base.Libraries.logging : INFO : data fetched from the api using get request
2024-05-06 16:39:44,201 : Base.Libraries.logging : INFO : tested status code
2024-05-06 16:39:44,209 : Base.Libraries.logging : INFO : Objects class initialised for Base/Elements/Data/data.json
2024-05-06 16:39:44,210 : Base.Libraries.logging : INFO : data in the file Base/Elements/Data/data.json loaded
2024-05-06 16:39:44,211 : Base.Libraries.logging : INFO : data in the file Base/Elements/Data/data.json loaded
2024-05-06 16:39:44,212 : Base.Libraries.logging : INFO : data in the file Base/Elements/Data/data.json loaded
2024-05-06 16:39:44,213 : Base.Libraries.logging : INFO : data in the file Base/Elements/Data/data.json loaded
2024-05-06 16:39:44,214 : Base.Libraries.logging : INFO : data in the file Base/Elements/Data/data.json loaded
2024-05-06 16:39:45,967 : Base.Libraries.logging : INFO : data fetched from the api using get request
2024-05-06 16:39:45,969 : Base.Libraries.logging : INFO : tested response time
2024-05-06 16:39:45,975 : Base.Libraries.logging : INFO : Objects class initialised for Base/Elements/Data/data.json
2024-05-06 16:39:45,976 : Base.Libraries.logging : INFO : data in the file Base/Elements/Data/data.json loaded
2024-05-06 16:39:45,977 : Base.Libraries.logging : INFO : data in the file Base/Elements/Data/data.json loaded
2024-05-06 16:39:45,978 : Base.Libraries.logging : INFO : data in the file Base/Elements/Data/data.json loaded
2024-05-06 16:39:45,979 : Base.Libraries.logging : INFO : data in the file Base/Elements/Data/data.json loaded
2024-05-06 16:39:45,980 : Base.Libraries.logging : INFO : data in the file Base/Elements/Data/data.json loaded
2024-05-06 16:39:47,301 : Base.Libraries.logging : INFO : data fetched from the api using get request
2024-05-06 16:39:47,303 : Base.Libraries.logging : INFO : tested context type
2024-05-06 16:39:47,310 : Base.Libraries.logging : INFO : Objects class initialised for Base/Elements/Data/data.json
2024-05-06 16:39:47,312 : Base.Libraries.logging : INFO : data in the file Base/Elements/Data/data.json loaded
2024-05-06 16:39:47,312 : Base.Libraries.logging : INFO : data in the file Base/Elements/Data/data.json loaded
2024-05-06 16:39:47,314 : Base.Libraries.logging : INFO : data in the file Base/Elements/Data/data.json loaded
2024-05-06 16:39:47,314 : Base.Libraries.logging : INFO : data in the file Base/Elements/Data/data.json loaded
2024-05-06 16:39:47,315 : Base.Libraries.logging : INFO : data in the file Base/Elements/Data/data.json loaded
2024-05-06 16:39:48,889 : Base.Libraries.logging : INFO : data fetched from the api using get request
2024-05-06 16:39:48,892 : Base.Libraries.logging : INFO : tested body size
2024-05-06 16:39:48,900 : Base.Libraries.logging : INFO : Objects class initialised for Base/Elements/Data/data.json
2024-05-06 16:39:48,903 : Base.Libraries.logging : INFO : data in the file Base/Elements/Data/data.json loaded
2024-05-06 16:39:48,904 : Base.Libraries.logging : INFO : data in the file Base/Elements/Data/data.json loaded
2024-05-06 16:39:48,906 : Base.Libraries.logging : INFO : data in the file Base/Elements/Data/data.json loaded
2024-05-06 16:39:48,907 : Base.Libraries.logging : INFO : data in the file Base/Elements/Data/data.json loaded
2024-05-06 16:39:48,909 : Base.Libraries.logging : INFO : data in the file Base/Elements/Data/data.json loaded
2024-05-06 16:39:50,365 : Base.Libraries.logging : INFO : data fetched from the api using get request
2024-05-06 16:39:50,368 : Base.Libraries.logging : INFO : tested json schema
2024-05-06 16:40:03,741 : Base.Libraries.logging : INFO : Objects class initialised for Base/Elements/Data/data.json
2024-05-06 16:40:03,743 : Base.Libraries.logging : INFO : data in the file Base/Elements/Data/data.json loaded
2024-05-06 16:40:03,744 : Base.Libraries.logging : INFO : data in the file Base/Elements/Data/data.json loaded
2024-05-06 16:40:03,745 : Base.Libraries.logging : INFO : data in the file Base/Elements/Data/data.json loaded
2024-05-06 16:40:03,745 : Base.Libraries.logging : INFO : data in the file Base/Elements/Data/data.json loaded
2024-05-06 16:40:03,746 : Base.Libraries.logging : INFO : data in the file Base/Elements/Data/data.json loaded
2024-05-06 16:40:03,747 : Base.Libraries.logging : INFO : Objects class initialised for Base/Elements/Data/new_data.json
2024-05-06 16:40:03,748 : Base.Libraries.logging : INFO : data in the file Base/Elements/Data/new_data.json loaded
2024-05-06 16:40:03,749 : Base.Libraries.logging : INFO : data in the file Base/Elements/Data/new_data.json loaded
2024-05-06 16:40:03,750 : Base.Libraries.logging : INFO : data in the file Base/Elements/Data/new_data.json loaded
2024-05-06 16:40:03,751 : Base.Libraries.logging : INFO : data in the file Base/Elements/Data/new_data.json loaded
2024-05-06 16:40:03,751 : Base.Libraries.logging : INFO : data in the file Base/Elements/Data/new_data.json loaded
2024-05-06 16:40:05,052 : Base.Libraries.logging : INFO : modified the data using put request
2024-05-06 16:40:05,057 : Base.Libraries.logging : INFO : tested status code
2024-05-06 16:40:05,083 : Base.Libraries.logging : INFO : Objects class initialised for Base/Elements/Data/data.json
2024-05-06 16:40:05,099 : Base.Libraries.logging : INFO : data in the file Base/Elements/Data/data.json loaded
2024-05-06 16:40:05,104 : Base.Libraries.logging : INFO : data in the file Base/Elements/Data/data.json loaded
2024-05-06 16:40:05,113 : Base.Libraries.logging : INFO : data in the file Base/Elements/Data/data.json loaded
2024-05-06 16:40:05,114 : Base.Libraries.logging : INFO : data in the file Base/Elements/Data/data.json loaded
2024-05-06 16:40:05,116 : Base.Libraries.logging : INFO : data in the file Base/Elements/Data/data.json loaded
2024-05-06 16:40:05,120 : Base.Libraries.logging : INFO : Objects class initialised for Base/Elements/Data/new_data.json
2024-05-06 16:40:05,128 : Base.Libraries.logging : INFO : data in the file Base/Elements/Data/new_data.json loaded
2024-05-06 16:40:05,131 : Base.Libraries.logging : INFO : data in the file Base/Elements/Data/new_data.json loaded
2024-05-06 16:40:05,133 : Base.Libraries.logging : INFO : data in the file Base/Elements/Data/new_data.json loaded
2024-05-06 16:40:05,135 : Base.Libraries.logging : INFO : data in the file Base/Elements/Data/new_data.json loaded
2024-05-06 16:40:05,136 : Base.Libraries.logging : INFO : data in the file Base/Elements/Data/new_data.json loaded
2024-05-06 16:40:06,373 : Base.Libraries.logging : INFO : modified the data using put request
2024-05-06 16:40:06,375 : Base.Libraries.logging : INFO : tested response time
2024-05-06 16:40:06,385 : Base.Libraries.logging : INFO : Objects class initialised for Base/Elements/Data/data.json
2024-05-06 16:40:06,386 : Base.Libraries.logging : INFO : data in the file Base/Elements/Data/data.json loaded
2024-05-06 16:40:06,387 : Base.Libraries.logging : INFO : data in the file Base/Elements/Data/data.json loaded
2024-05-06 16:40:06,388 : Base.Libraries.logging : INFO : data in the file Base/Elements/Data/data.json loaded
2024-05-06 16:40:06,388 : Base.Libraries.logging : INFO : data in the file Base/Elements/Data/data.json loaded
2024-05-06 16:40:06,389 : Base.Libraries.logging : INFO : data in the file Base/Elements/Data/data.json loaded
2024-05-06 16:40:06,390 : Base.Libraries.logging : INFO : Objects class initialised for Base/Elements/Data/new_data.json
2024-05-06 16:40:06,391 : Base.Libraries.logging : INFO : data in the file Base/Elements/Data/new_data.json loaded
2024-05-06 16:40:06,392 : Base.Libraries.logging : INFO : data in the file Base/Elements/Data/new_data.json loaded
2024-05-06 16:40:06,393 : Base.Libraries.logging : INFO : data in the file Base/Elements/Data/new_data.json loaded
2024-05-06 16:40:06,394 : Base.Libraries.logging : INFO : data in the file Base/Elements/Data/new_data.json loaded
2024-05-06 16:40:06,395 : Base.Libraries.logging : INFO : data in the file Base/Elements/Data/new_data.json loaded
2024-05-06 16:40:07,650 : Base.Libraries.logging : INFO : modified the data using put request
2024-05-06 16:40:07,651 : Base.Libraries.logging : INFO : tested context type
2024-05-06 16:40:07,658 : Base.Libraries.logging : INFO : Objects class initialised for Base/Elements/Data/data.json
2024-05-06 16:40:07,660 : Base.Libraries.logging : INFO : data in the file Base/Elements/Data/data.json loaded
2024-05-06 16:40:07,661 : Base.Libraries.logging : INFO : data in the file Base/Elements/Data/data.json loaded
2024-05-06 16:40:07,662 : Base.Libraries.logging : INFO : data in the file Base/Elements/Data/data.json loaded
2024-05-06 16:40:07,663 : Base.Libraries.logging : INFO : data in the file Base/Elements/Data/data.json loaded
2024-05-06 16:40:07,664 : Base.Libraries.logging : INFO : data in the file Base/Elements/Data/data.json loaded
2024-05-06 16:40:07,666 : Base.Libraries.logging : INFO : Objects class initialised for Base/Elements/Data/new_data.json
2024-05-06 16:40:07,668 : Base.Libraries.logging : INFO : data in the file Base/Elements/Data/new_data.json loaded
2024-05-06 16:40:07,669 : Base.Libraries.logging : INFO : data in the file Base/Elements/Data/new_data.json loaded
2024-05-06 16:40:07,670 : Base.Libraries.logging : INFO : data in the file Base/Elements/Data/new_data.json loaded
2024-05-06 16:40:07,671 : Base.Libraries.logging : INFO : data in the file Base/Elements/Data/new_data.json loaded
2024-05-06 16:40:07,673 : Base.Libraries.logging : INFO : data in the file Base/Elements/Data/new_data.json loaded
2024-05-06 16:40:09,282 : Base.Libraries.logging : INFO : modified the data using put request
2024-05-06 16:40:09,283 : Base.Libraries.logging : INFO : tested body size
2024-05-06 16:40:09,290 : Base.Libraries.logging : INFO : Objects class initialised for Base/Elements/Data/data.json
2024-05-06 16:40:09,293 : Base.Libraries.logging : INFO : data in the file Base/Elements/Data/data.json loaded
2024-05-06 16:40:09,294 : Base.Libraries.logging : INFO : data in the file Base/Elements/Data/data.json loaded
2024-05-06 16:40:09,296 : Base.Libraries.logging : INFO : data in the file Base/Elements/Data/data.json loaded
2024-05-06 16:40:09,297 : Base.Libraries.logging : INFO : data in the file Base/Elements/Data/data.json loaded
2024-05-06 16:40:09,299 : Base.Libraries.logging : INFO : data in the file Base/Elements/Data/data.json loaded
2024-05-06 16:40:09,301 : Base.Libraries.logging : INFO : Objects class initialised for Base/Elements/Data/new_data.json
2024-05-06 16:40:09,303 : Base.Libraries.logging : INFO : data in the file Base/Elements/Data/new_data.json loaded
2024-05-06 16:40:09,304 : Base.Libraries.logging : INFO : data in the file Base/Elements/Data/new_data.json loaded
2024-05-06 16:40:09,306 : Base.Libraries.logging : INFO : data in the file Base/Elements/Data/new_data.json loaded
2024-05-06 16:40:09,308 : Base.Libraries.logging : INFO : data in the file Base/Elements/Data/new_data.json loaded
2024-05-06 16:40:09,309 : Base.Libraries.logging : INFO : data in the file Base/Elements/Data/new_data.json loaded
2024-05-06 16:40:10,480 : Base.Libraries.logging : INFO : modified the data using put request
2024-05-06 16:40:10,491 : Base.Libraries.logging : INFO : tested json schema
2024-05-06 16:40:26,754 : Base.Libraries.logging : INFO : deleting data from the api using delete request
2024-05-06 16:40:26,828 : Base.Libraries.logging : INFO : tested status code
2024-05-06 16:40:28,138 : Base.Libraries.logging : INFO : deleting data from the api using delete request
2024-05-06 16:40:28,140 : Base.Libraries.logging : INFO : tested status code
2024-05-06 16:40:29,395 : Base.Libraries.logging : INFO : deleting data from the api using delete request
2024-05-06 16:40:29,397 : Base.Libraries.logging : INFO : tested status code
2024-05-06 16:40:31,160 : Base.Libraries.logging : INFO : deleting data from the api using delete request
2024-05-06 16:40:31,162 : Base.Libraries.logging : INFO : tested status code
2024-05-06 16:40:32,458 : Base.Libraries.logging : INFO : deleting data from the api using delete request
2024-05-06 16:40:32,460 : Base.Libraries.logging : INFO : tested status code
