2024-05-02 11:22:23,524 : Base.Libraries.logging : INFO : checking whether {APP} is opening
2024-05-02 11:22:25,981 : Base.Libraries.logging : INFO : opening notepad
2024-05-02 11:22:28,343 : Base.Libraries.logging : INFO : Editing text in notepad
2024-05-02 11:22:30,297 : Base.Libraries.logging : INFO : checking that text edited correctly
2024-05-02 11:22:30,297 : Base.Libraries.logging : INFO : Closing notepad
2024-05-02 11:22:30,333 : Base.Libraries.logging : INFO : opening notepad
2024-05-02 11:22:32,693 : Base.Libraries.logging : INFO : Editing text in notepad
2024-05-02 11:22:34,624 : Base.Libraries.logging : INFO : Finding text in notepad
2024-05-02 11:22:36,647 : Base.Libraries.logging : INFO : Closing notepad
2024-05-02 11:22:36,674 : Base.Libraries.logging : INFO : opening notepad
2024-05-02 11:22:39,102 : Base.Libraries.logging : INFO : Editing text in notepad
2024-05-02 11:22:41,101 : Base.Libraries.logging : INFO : Replacing text in notepad
2024-05-02 11:22:52,138 : Base.Libraries.logging : INFO : Closing notepad
2024-05-02 11:22:52,155 : Base.Libraries.logging : INFO : opening notepad
2024-05-02 11:22:54,557 : Base.Libraries.logging : INFO : Editing text in notepad
2024-05-02 11:22:56,513 : Base.Libraries.logging : INFO : Changing Font,Font Style,Font Size for text
2024-05-02 11:23:01,829 : Base.Libraries.logging : INFO : Closing notepad
2024-05-02 11:23:01,855 : Base.Libraries.logging : INFO : opening notepad
2024-05-02 11:23:04,313 : Base.Libraries.logging : INFO : Editing text in notepad
2024-05-02 11:23:06,473 : Base.Libraries.logging : INFO : changing page setup settings
2024-05-02 11:23:21,840 : Base.Libraries.logging : INFO : Closing notepad
2024-05-02 11:23:21,860 : Base.Libraries.logging : INFO : opening notepad
2024-05-02 11:23:24,298 : Base.Libraries.logging : INFO : printing date and time in file
2024-05-02 11:23:26,645 : Base.Libraries.logging : INFO : Closing notepad
2024-05-02 11:23:26,662 : Base.Libraries.logging : INFO : opening notepad
2024-05-02 11:23:29,047 : Base.Libraries.logging : INFO : Editing text in notepad
2024-05-02 11:23:31,036 : Base.Libraries.logging : INFO : printing file
2024-05-02 11:23:32,802 : Base.Libraries.logging : INFO : Closing notepad
2024-05-02 11:23:32,822 : Base.Libraries.logging : INFO : opening notepad
2024-05-02 11:23:35,297 : Base.Libraries.logging : INFO : Editing text in notepad
2024-05-02 11:23:37,206 : Base.Libraries.logging : INFO : selecting all the text and deleting and doing undo in notepad
2024-05-02 11:23:44,118 : Base.Libraries.logging : INFO : Closing notepad
2024-05-02 11:23:44,135 : Base.Libraries.logging : INFO : opening notepad
2024-05-02 11:23:46,593 : Base.Libraries.logging : INFO : Editing text in notepad
2024-05-02 11:23:48,586 : Base.Libraries.logging : INFO : zooming the text
2024-05-02 11:23:54,107 : Base.Libraries.logging : INFO : Closing notepad
2024-05-02 11:23:54,117 : Base.Libraries.logging : INFO : opening notepad
2024-05-02 11:23:56,550 : Base.Libraries.logging : INFO : printing about notepad
2024-05-02 11:23:58,879 : Base.Libraries.logging : INFO : Closing notepad
2024-05-02 11:23:58,890 : Base.Libraries.logging : INFO : opening notepad
2024-05-02 11:24:01,321 : Base.Libraries.logging : INFO : Editing text in notepad
2024-05-02 11:24:03,295 : Base.Libraries.logging : INFO : checking that the file saved successfully
2024-05-02 11:24:10,880 : Base.Libraries.logging : INFO : opening notepad
2024-05-02 11:24:13,233 : Base.Libraries.logging : INFO : Opening existing file notepad